2025-04-02 09:39:03,057 - INFO - Scheduled jobs registered successfully.
2025-04-02 10:39:06,209 - ERROR - Curl command returned HTTP code 500: {"status":"error","message":"Unexpected error: connection already closed"}500
2025-04-02 10:39:06,211 - ERROR - Retrying after 2 seconds...
2025-04-02 10:39:13,577 - ERROR - Curl command returned HTTP code 500: {"status":"error","error":"Database error: duplicate key value violates unique constraint \"sensorsdata_pkey\"\nDETAIL:  Key (readingid)=(11523) already exists.\n"}500
2025-04-02 10:39:13,577 - ERROR - Retrying after 4 seconds...
2025-04-02 10:39:20,605 - ERROR - Curl command returned HTTP code 500: {"status":"error","error":"Database error: duplicate key value violates unique constraint \"sensorsdata_pkey\"\nDETAIL:  Key (readingid)=(11523) already exists.\n"}500
2025-04-02 10:39:20,606 - ERROR - Retrying after 8 seconds...
2025-04-02 10:39:28,607 - ERROR - All retry attempts failed.
2025-04-02 11:39:33,997 - ERROR - Curl command returned HTTP code 500: {"status":"error","error":"Database error: duplicate key value violates unique constraint \"sensorsdata_pkey\"\nDETAIL:  Key (readingid)=(11539) already exists.\n"}500
2025-04-02 11:39:33,998 - ERROR - Retrying after 2 seconds...
2025-04-02 11:39:38,900 - ERROR - Curl command returned HTTP code 500: {"status":"error","error":"Database error: duplicate key value violates unique constraint \"sensorsdata_pkey\"\nDETAIL:  Key (readingid)=(11539) already exists.\n"}500
2025-04-02 11:39:38,901 - ERROR - Retrying after 4 seconds...
2025-04-02 11:39:45,953 - ERROR - Curl command returned HTTP code 500: {"status":"error","error":"Database error: duplicate key value violates unique constraint \"sensorsdata_pkey\"\nDETAIL:  Key (readingid)=(11539) already exists.\n"}500
2025-04-02 11:39:45,953 - ERROR - Retrying after 8 seconds...
2025-04-02 11:39:53,954 - ERROR - All retry attempts failed.
2025-04-02 12:39:57,209 - ERROR - Curl command returned HTTP code 500: {"status":"error","message":"Unexpected error: connection already closed"}500
2025-04-02 12:39:57,210 - ERROR - Retrying after 2 seconds...
2025-04-02 12:40:05,086 - ERROR - Curl command returned HTTP code 500: {"status":"error","error":"Database error: duplicate key value violates unique constraint \"sensorsdata_pkey\"\nDETAIL:  Key (readingid)=(11555) already exists.\n"}500
2025-04-02 12:40:05,087 - ERROR - Retrying after 4 seconds...
2025-04-02 12:40:12,084 - ERROR - Curl command returned HTTP code 500: {"status":"error","error":"Database error: duplicate key value violates unique constraint \"sensorsdata_pkey\"\nDETAIL:  Key (readingid)=(11555) already exists.\n"}500
2025-04-02 12:40:12,085 - ERROR - Retrying after 8 seconds...
2025-04-02 12:40:20,086 - ERROR - All retry attempts failed.
